[0.052s] Invoking command in '/home/yj/camera_tis/build/camera_tis': CMAKE_PREFIX_PATH=/opt/ros/galactic /usr/bin/cmake --build /home/yj/camera_tis/build/camera_tis -- -j16 -l16
[0.107s] -- Found ament_cmake: 1.1.6 (/opt/ros/galactic/share/ament_cmake/cmake)
[0.155s] -- Using PYTHON_EXECUTABLE: /usr/bin/python3
[0.279s] -- Found rclcpp: 9.2.2 (/opt/ros/galactic/share/rclcpp/cmake)
[0.350s] -- Using all available rosidl_typesupport_c: rosidl_typesupport_fastrtps_c;rosidl_typesupport_introspection_c
[0.357s] -- Found rosidl_adapter: 2.2.3 (/opt/ros/galactic/share/rosidl_adapter/cmake)
[0.590s] -- Using all available rosidl_typesupport_cpp: rosidl_typesupport_fastrtps_cpp;rosidl_typesupport_introspection_cpp
[0.694s] -- Found rmw_implementation_cmake: 3.3.1 (/opt/ros/galactic/share/rmw_implementation_cmake/cmake)
[0.698s] -- Found rmw_cyclonedds_cpp: 0.22.6 (/opt/ros/galactic/share/rmw_cyclonedds_cpp/cmake)
[0.735s] -- Using RMW implementation 'rmw_cyclonedds_cpp' as default
[1.018s] -- Found rclcpp_components: 9.2.2 (/opt/ros/galactic/share/rclcpp_components/cmake)
[1.122s] -- Found sensor_msgs: 2.2.4 (/opt/ros/galactic/share/sensor_msgs/cmake)
[1.384s] -- Found OpenCV: /usr (found version "4.2.0") 
[1.401s] -- Found ament_lint_auto: 0.10.7 (/opt/ros/galactic/share/ament_lint_auto/cmake)
[1.542s] -- Added test 'copyright' to check source files copyright and LICENSE
[1.562s] -- Added test 'cppcheck' to perform static code analysis on C / C++ code
[1.563s] -- Configured cppcheck include dirs: $<BUILD_INTERFACE:/home/yj/camera_tis/include>
[1.563s] -- Configured cppcheck exclude dirs and/or files: 
[1.581s] -- Added test 'cpplint' to check C / C++ code against the Google style
[1.581s] -- Configured cpplint exclude dirs and/or files: 
[1.585s] -- Added test 'flake8' to check Python code syntax and style conventions
[1.590s] -- Added test 'lint_cmake' to check CMake code style
[1.593s] -- Added test 'pep257' to check Python code against some of the style conventions in PEP 257
[1.612s] -- Added test 'uncrustify' to check C / C++ code style
[1.612s] -- Configured uncrustify additional arguments: 
[1.615s] -- Added test 'xmllint' to check XML markup files
[1.621s] -- Configuring done
[1.662s] -- Generating done
[1.667s] -- Build files have been written to: /home/yj/camera_tis/build/camera_tis
[1.725s] [35m[1mScanning dependencies of target camera_tis[0m
[1.765s] [ 33%] Built target camera_tis_node
[1.766s] [ 50%] [32mBuilding CXX object CMakeFiles/camera_tis.dir/src/E2camData.cpp.o[0m
[1.766s] [ 66%] [32mBuilding CXX object CMakeFiles/camera_tis.dir/src/camera_tis.cpp.o[0m
[1.773s] [ 83%] [32mBuilding CXX object CMakeFiles/camera_tis.dir/src/FileOut.cpp.o[0m
[2.274s] In file included from [01m[K/home/yj/camera_tis/src/E2camData.cpp:1[m[K:
[2.274s] [01m[K/home/yj/camera_tis/src/E2camData.cpp:[m[K In member function â€˜[01m[Kvoid E2proomData::read_para()[m[Kâ€™:
[2.274s] [01m[K/home/yj/camera_tis/include/fileout/E2camData.h:13:37:[m[K [01;35m[Kwarning: [m[KISO C++ forbids converting a string constant to â€˜[01m[Kchar*[m[Kâ€™ [[01;35m[K-Wwrite-strings[m[K]
[2.274s]    13 | #define E2POOM_CAMER_SYSPATH_MOTO   [01;35m[K"./SAVE/E2P_CAMER_DLG.bsd"[m[K
[2.274s]       |                                     [01;35m[K^~~~~~~~~~~~~~~~~~~~~~~~~~[m[K
[2.274s] [01m[K/home/yj/camera_tis/src/E2camData.cpp:66:24:[m[K [01;36m[Knote: [m[Kin expansion of macro â€˜[01m[KE2POOM_CAMER_SYSPATH_MOTO[m[Kâ€™
[2.274s]    66 |     if(0 > fo.ReadFile([01;36m[KE2POOM_CAMER_SYSPATH_MOTO[m[K,buff,E2POOM_CAMER_SAVEBUFF))
[2.274s]       |                        [01;36m[K^~~~~~~~~~~~~~~~~~~~~~~~~[m[K
[2.275s] [01m[K/home/yj/camera_tis/src/E2camData.cpp:[m[K In member function â€˜[01m[Kvoid E2proomData::write_camer_para()[m[Kâ€™:
[2.275s] [01m[K/home/yj/camera_tis/include/fileout/E2camData.h:13:37:[m[K [01;35m[Kwarning: [m[KISO C++ forbids converting a string constant to â€˜[01m[Kchar*[m[Kâ€™ [[01;35m[K-Wwrite-strings[m[K]
[2.276s]    13 | #define E2POOM_CAMER_SYSPATH_MOTO   [01;35m[K"./SAVE/E2P_CAMER_DLG.bsd"[m[K
[2.276s]       |                                     [01;35m[K^~~~~~~~~~~~~~~~~~~~~~~~~~[m[K
[2.276s] [01m[K/home/yj/camera_tis/src/E2camData.cpp:125:18:[m[K [01;36m[Knote: [m[Kin expansion of macro â€˜[01m[KE2POOM_CAMER_SYSPATH_MOTO[m[Kâ€™
[2.276s]   125 |     fo.WriteFile([01;36m[KE2POOM_CAMER_SYSPATH_MOTO[m[K,buff,E2POOM_CAMER_SAVEBUFF);
[2.276s]       |                  [01;36m[K^~~~~~~~~~~~~~~~~~~~~~~~~[m[K
[7.548s] [01m[K/home/yj/camera_tis/src/camera_tis.cpp:56:1:[m[K [01;31m[Kerror: [m[Kâ€˜[01m[Kgboolean[m[Kâ€™ does not name a type
[7.548s]    56 | [01;31m[Kgboolean[m[K set_property(_GstElement * pipeline, const char * property, const char * value)
[7.548s]       | [01;31m[K^~~~~~~~[m[K
[7.551s] [01m[K/home/yj/camera_tis/src/camera_tis.cpp:76:1:[m[K [01;31m[Kerror: [m[Kâ€˜[01m[Kgboolean[m[Kâ€™ does not name a type
[7.551s]    76 | [01;31m[Kgboolean[m[K set_property(_GstElement * pipeline, const char * property, int value)
[7.551s]       | [01;31m[K^~~~~~~~[m[K
[7.565s] [01m[K/home/yj/camera_tis/src/camera_tis.cpp:[m[K In destructor â€˜[01m[Kvirtual camera_tis::CameraTis::~CameraTis()[m[Kâ€™:
[7.565s] [01m[K/home/yj/camera_tis/src/camera_tis.cpp:134:38:[m[K [01;31m[Kerror: [m[Kâ€˜[01m[KGST_STATE_NULL[m[Kâ€™ was not declared in this scope
[7.566s]   134 |     gst_element_set_state(_pipeline, [01;31m[KGST_STATE_NULL[m[K);
[7.566s]       |                                      [01;31m[K^~~~~~~~~~~~~~[m[K
[7.576s] [01m[K/home/yj/camera_tis/src/camera_tis.cpp:134:5:[m[K [01;31m[Kerror: [m[Kâ€˜[01m[Kgst_element_set_state[m[Kâ€™ was not declared in this scope
[7.577s]   134 |     [01;31m[Kgst_element_set_state[m[K(_pipeline, GST_STATE_NULL);
[7.577s]       |     [01;31m[K^~~~~~~~~~~~~~~~~~~~~[m[K
[7.588s] [01m[K/home/yj/camera_tis/src/camera_tis.cpp:136:5:[m[K [01;31m[Kerror: [m[Kâ€˜[01m[Kgst_object_unref[m[Kâ€™ was not declared in this scope
[7.588s]   136 |     [01;31m[Kgst_object_unref[m[K(_pipeline);
[7.588s]       |     [01;31m[K^~~~~~~~~~~~~~~~[m[K
[7.599s] [01m[K/home/yj/camera_tis/src/camera_tis.cpp:[m[K In member function â€˜[01m[Kvoid camera_tis::CameraTis::_initialize_camera()[m[Kâ€™:
[7.599s] [01m[K/home/yj/camera_tis/src/camera_tis.cpp:205:44:[m[K [01;31m[Kerror: [m[Kâ€˜[01m[Kwidth[m[Kâ€™ was not declared in this scope; did you mean â€˜[01m[Kwcwidth[m[Kâ€™?
[7.599s]   205 |                             std::to_string([01;31m[Kwidth[m[K) + "x" + std::to_string(height) +
[7.599s]       |                                            [01;31m[K^~~~~[m[K
[7.599s]       |                                            [32m[Kwcwidth[m[K
[7.604s] [01m[K/home/yj/camera_tis/src/camera_tis.cpp:205:74:[m[K [01;31m[Kerror: [m[Kâ€˜[01m[Kheight[m[Kâ€™ was not declared in this scope
[7.604s]   205 |                             std::to_string(width) + "x" + std::to_string([01;31m[Kheight[m[K) +
[7.604s]       |                                                                          [01;31m[K^~~~~~[m[K
[7.605s] [01m[K/home/yj/camera_tis/src/camera_tis.cpp:206:52:[m[K [01;31m[Kerror: [m[Kâ€˜[01m[Kfps[m[Kâ€™ was not declared in this scope; did you mean â€˜[01m[Kffs[m[Kâ€™?
[7.606s]   206 |                             "@1/" + std::to_string([01;31m[Kfps[m[K) + " field:none]'";
[7.606s]       |                                                    [01;31m[K^~~[m[K
[7.606s]       |                                                    [32m[Kffs[m[K
[7.628s] [01m[K/home/yj/camera_tis/src/camera_tis.cpp:[m[K In member function â€˜[01m[Kvoid camera_tis::CameraTis::_modbus(int)[m[Kâ€™:
[7.628s] [01m[K/home/yj/camera_tis/src/camera_tis.cpp:294:29:[m[K [01;35m[Kwarning: [m[Kunused parameter â€˜[01m[Kport[m[Kâ€™ [[01;35m[K-Wunused-parameter[m[K]
[7.628s]   294 | void CameraTis::_modbus([01;35m[Kint port[m[K)
[7.629s]       |                         [01;35m[K~~~~^~~~[m[K
[7.629s] [01m[K/home/yj/camera_tis/src/camera_tis.cpp:[m[K In member function â€˜[01m[Kvoid camera_tis::CameraTis::_spin()[m[Kâ€™:
[7.629s] [01m[K/home/yj/camera_tis/src/camera_tis.cpp:339:9:[m[K [01;31m[Kerror: [m[Kâ€˜[01m[Kcap[m[Kâ€™ was not declared in this scope
[7.630s]   339 |     if ([01;31m[Kcap[m[K.read(img)) {
[7.630s]       |         [01;31m[K^~~[m[K
[7.658s] [01m[K/home/yj/camera_tis/src/camera_tis.cpp:[m[K In member function â€˜[01m[Kint camera_tis::CameraTis::_power_on()[m[Kâ€™:
[7.658s] [01m[K/home/yj/camera_tis/src/camera_tis.cpp:414:42:[m[K [01;31m[Kerror: [m[Kâ€˜[01m[KGST_STATE_PLAYING[m[Kâ€™ was not declared in this scope
[7.658s]   414 |     if (gst_element_set_state(_pipeline, [01;31m[KGST_STATE_PLAYING[m[K) == GST_STATE_CHANGE_FAILURE) {
[7.658s]       |                                          [01;31m[K^~~~~~~~~~~~~~~~~[m[K
[7.670s] [01m[K/home/yj/camera_tis/src/camera_tis.cpp:414:9:[m[K [01;31m[Kerror: [m[Kâ€˜[01m[Kgst_element_set_state[m[Kâ€™ was not declared in this scope
[7.670s]   414 |     if ([01;31m[Kgst_element_set_state[m[K(_pipeline, GST_STATE_PLAYING) == GST_STATE_CHANGE_FAILURE) {
[7.670s]       |         [01;31m[K^~~~~~~~~~~~~~~~~~~~~[m[K
[7.685s] [01m[K/home/yj/camera_tis/src/camera_tis.cpp:414:64:[m[K [01;31m[Kerror: [m[Kâ€˜[01m[KGST_STATE_CHANGE_FAILURE[m[Kâ€™ was not declared in this scope
[7.685s]   414 |     if (gst_element_set_state(_pipeline, GST_STATE_PLAYING) == [01;31m[KGST_STATE_CHANGE_FAILURE[m[K) {
[7.686s]       |                                                                [01;31m[K^~~~~~~~~~~~~~~~~~~~~~~~[m[K
[7.695s] [01m[K/home/yj/camera_tis/src/camera_tis.cpp:[m[K In member function â€˜[01m[Kint camera_tis::CameraTis::_power_off()[m[Kâ€™:
[7.696s] [01m[K/home/yj/camera_tis/src/camera_tis.cpp:425:42:[m[K [01;31m[Kerror: [m[Kâ€˜[01m[KGST_STATE_PAUSED[m[Kâ€™ was not declared in this scope
[7.696s]   425 |     if (gst_element_set_state(_pipeline, [01;31m[KGST_STATE_PAUSED[m[K) == GST_STATE_CHANGE_FAILURE) {
[7.696s]       |                                          [01;31m[K^~~~~~~~~~~~~~~~[m[K
[7.709s] [01m[K/home/yj/camera_tis/src/camera_tis.cpp:425:9:[m[K [01;31m[Kerror: [m[Kâ€˜[01m[Kgst_element_set_state[m[Kâ€™ was not declared in this scope
[7.709s]   425 |     if ([01;31m[Kgst_element_set_state[m[K(_pipeline, GST_STATE_PAUSED) == GST_STATE_CHANGE_FAILURE) {
[7.709s]       |         [01;31m[K^~~~~~~~~~~~~~~~~~~~~[m[K
[7.722s] [01m[K/home/yj/camera_tis/src/camera_tis.cpp:425:63:[m[K [01;31m[Kerror: [m[Kâ€˜[01m[KGST_STATE_CHANGE_FAILURE[m[Kâ€™ was not declared in this scope
[7.722s]   425 |     if (gst_element_set_state(_pipeline, GST_STATE_PAUSED) == [01;31m[KGST_STATE_CHANGE_FAILURE[m[K) {
[7.722s]       |                                                               [01;31m[K^~~~~~~~~~~~~~~~~~~~~~~~[m[K
[7.732s] [01m[K/home/yj/camera_tis/src/camera_tis.cpp:[m[K In member function â€˜[01m[Kint camera_tis::CameraTis::_set_exposure(int)[m[Kâ€™:
[7.732s] [01m[K/home/yj/camera_tis/src/camera_tis.cpp:440:10:[m[K [01;31m[Kerror: [m[Kâ€˜[01m[Kset_property[m[Kâ€™ was not declared in this scope
[7.732s]   440 |   return [01;31m[Kset_property[m[K(_pipeline, "Exposure Time (us)", e) ? 0 : 1;
[7.732s]       |          [01;31m[K^~~~~~~~~~~~[m[K
[10.832s] make[2]: *** [CMakeFiles/camera_tis.dir/build.make:63: CMakeFiles/camera_tis.dir/src/camera_tis.cpp.o] Error 1
[10.834s] make[1]: *** [CMakeFiles/Makefile2:107: CMakeFiles/camera_tis.dir/all] Error 2
[10.835s] make: *** [Makefile:141: all] Error 2
[10.844s] Invoked command in '/home/yj/camera_tis/build/camera_tis' returned '2': CMAKE_PREFIX_PATH=/opt/ros/galactic /usr/bin/cmake --build /home/yj/camera_tis/build/camera_tis -- -j16 -l16
